28/05/22 10:33:17 AM Saturday - BasePage - INFO : Locator value //android.widget.ImageView[@content-desc="Select English"]not found
28/05/22 10:33:17 AM Saturday - BasePage - INFO : Element found with LocatorType: xapth with the locatorValue ://android.widget.ImageView[@content-desc="Select English"]
28/05/22 10:33:17 AM Saturday - BasePage - INFO : Unable to click on Element with LocatorType: xapth and with the locatorValue ://android.widget.ImageView[@content-desc="Select English"]
28/05/22 10:35:13 AM Saturday - BasePage - INFO : Element found with LocatorType: xpath with the locatorValue ://android.widget.ImageView[@content-desc="Select English"]
28/05/22 10:35:14 AM Saturday - BasePage - INFO : Clicked on Element with LocatorType: xpath and with the locatorValue ://android.widget.ImageView[@content-desc="Select English"]
28/05/22 10:35:14 AM Saturday - BasePage - INFO : Element found with LocatorType: id with the locatorValue :in.amazon.mShop.android.shopping:id/continue_button
28/05/22 10:35:15 AM Saturday - BasePage - INFO : Clicked on Element with LocatorType: id and with the locatorValue :in.amazon.mShop.android.shopping:id/continue_button
28/05/22 10:37:09 AM Saturday - BasePage - INFO : Element found with LocatorType: xpath with the locatorValue ://android.widget.ImageView[@content-desc="Select English"]
28/05/22 10:37:09 AM Saturday - BasePage - INFO : Clicked on Element with LocatorType: xpath and with the locatorValue ://android.widget.ImageView[@content-desc="Select English"]
28/05/22 10:37:19 AM Saturday - BasePage - INFO : Element found with LocatorType: id with the locatorValue :in.amazon.mShop.android.shopping:id/continue_button
28/05/22 10:37:19 AM Saturday - BasePage - INFO : Clicked on Element with LocatorType: id and with the locatorValue :in.amazon.mShop.android.shopping:id/continue_button
28/05/22 10:46:26 AM Saturday - BasePage - INFO : Element not found with LocatorType: id and with the locatorValue :in.amazon.mShop.android.shopping:id/skip_sign_in_button
28/05/22 10:46:27 AM Saturday - BasePage - INFO : Unable to click on Element with LocatorType: id and with the locatorValue :in.amazon.mShop.android.shopping:id/skip_sign_in_button
28/05/22 10:46:28 AM Saturday - BasePage - INFO : Element found with LocatorType: xpath with the locatorValue ://android.widget.ImageView[@content-desc="Select English"]
28/05/22 10:46:29 AM Saturday - BasePage - INFO : Clicked on Element with LocatorType: xpath and with the locatorValue ://android.widget.ImageView[@content-desc="Select English"]
28/05/22 10:46:34 AM Saturday - BasePage - INFO : Element found with LocatorType: id with the locatorValue :in.amazon.mShop.android.shopping:id/continue_button
28/05/22 10:46:34 AM Saturday - BasePage - INFO : Clicked on Element with LocatorType: id and with the locatorValue :in.amazon.mShop.android.shopping:id/continue_button
28/05/22 10:51:12 AM Saturday - BasePage - INFO : Element not found with LocatorType: id and with the locatorValue :in.amazon.mShop.android.shopping:id/skip_sign_in_button
28/05/22 10:51:13 AM Saturday - BasePage - INFO : Unable to click on Element with LocatorType: id and with the locatorValue :in.amazon.mShop.android.shopping:id/skip_sign_in_button
28/05/22 10:51:14 AM Saturday - BasePage - INFO : Element found with LocatorType: xpath with the locatorValue ://android.widget.ImageView[@content-desc="Select English"]
28/05/22 10:51:14 AM Saturday - BasePage - INFO : Clicked on Element with LocatorType: xpath and with the locatorValue ://android.widget.ImageView[@content-desc="Select English"]
28/05/22 10:51:19 AM Saturday - BasePage - INFO : Element found with LocatorType: id with the locatorValue :in.amazon.mShop.android.shopping:id/continue_button
28/05/22 10:51:19 AM Saturday - BasePage - INFO : Clicked on Element with LocatorType: id and with the locatorValue :in.amazon.mShop.android.shopping:id/continue_button
28/05/22 10:55:05 AM Saturday - BasePage - INFO : Element not found with LocatorType: id and with the locatorValue :in.amazon.mShop.android.shopping:id/skip_sign_in_button
28/05/22 10:55:05 AM Saturday - BasePage - INFO : Unable to click on Element with LocatorType: id and with the locatorValue :in.amazon.mShop.android.shopping:id/skip_sign_in_button
28/05/22 10:55:07 AM Saturday - BasePage - INFO : Element found with LocatorType: xpath with the locatorValue ://android.widget.ImageView[@content-desc="Select English"]
28/05/22 10:55:07 AM Saturday - BasePage - INFO : Clicked on Element with LocatorType: xpath and with the locatorValue ://android.widget.ImageView[@content-desc="Select English"]
28/05/22 10:55:12 AM Saturday - BasePage - INFO : Element found with LocatorType: id with the locatorValue :in.amazon.mShop.android.shopping:id/continue_button
28/05/22 10:55:12 AM Saturday - BasePage - INFO : Clicked on Element with LocatorType: id and with the locatorValue :in.amazon.mShop.android.shopping:id/continue_button
28/05/22 10:57:11 AM Saturday - BasePage - INFO : Element not found with LocatorType: id and with the locatorValue :in.amazon.mShop.android.shopping:id/skip_sign_in_button
28/05/22 10:57:11 AM Saturday - BasePage - INFO : Unable to click on Element with LocatorType: id and with the locatorValue :in.amazon.mShop.android.shopping:id/skip_sign_in_button
28/05/22 10:57:13 AM Saturday - BasePage - INFO : Element found with LocatorType: xpath with the locatorValue ://android.widget.ImageView[@content-desc="Select English"]
28/05/22 10:57:13 AM Saturday - BasePage - INFO : Clicked on Element with LocatorType: xpath and with the locatorValue ://android.widget.ImageView[@content-desc="Select English"]
28/05/22 10:57:18 AM Saturday - BasePage - INFO : Element found with LocatorType: id with the locatorValue :in.amazon.mShop.android.shopping:id/continue_button
28/05/22 10:57:18 AM Saturday - BasePage - INFO : Clicked on Element with LocatorType: id and with the locatorValue :in.amazon.mShop.android.shopping:id/continue_button
28/05/22 11:05:41 AM Saturday - BasePage - INFO : Element not found with LocatorType: id and with the locatorValue :skip_sign_in_button
28/05/22 11:05:41 AM Saturday - BasePage - INFO : Unable to click on Element with LocatorType: id and with the locatorValue :skip_sign_in_button
28/05/22 11:05:43 AM Saturday - BasePage - INFO : Element found with LocatorType: xpath with the locatorValue ://android.widget.ImageView[@content-desc="Select English"]
28/05/22 11:05:43 AM Saturday - BasePage - INFO : Clicked on Element with LocatorType: xpath and with the locatorValue ://android.widget.ImageView[@content-desc="Select English"]
28/05/22 11:05:48 AM Saturday - BasePage - INFO : Element found with LocatorType: id with the locatorValue :in.amazon.mShop.android.shopping:id/continue_button
28/05/22 11:05:48 AM Saturday - BasePage - INFO : Clicked on Element with LocatorType: id and with the locatorValue :in.amazon.mShop.android.shopping:id/continue_button
28/05/22 11:07:42 AM Saturday - BasePage - INFO : Element not found with LocatorType: id and with the locatorValue :skip_sign_in_button
28/05/22 11:07:43 AM Saturday - BasePage - INFO : Unable to click on Element with LocatorType: id and with the locatorValue :skip_sign_in_button
28/05/22 11:07:44 AM Saturday - BasePage - INFO : Element found with LocatorType: xpath with the locatorValue ://android.widget.ImageView[@content-desc="Select English"]
28/05/22 11:07:44 AM Saturday - BasePage - INFO : Clicked on Element with LocatorType: xpath and with the locatorValue ://android.widget.ImageView[@content-desc="Select English"]
28/05/22 11:07:49 AM Saturday - BasePage - INFO : Element found with LocatorType: id with the locatorValue :in.amazon.mShop.android.shopping:id/continue_button
28/05/22 11:07:49 AM Saturday - BasePage - INFO : Clicked on Element with LocatorType: id and with the locatorValue :in.amazon.mShop.android.shopping:id/continue_button
28/05/22 11:12:18 AM Saturday - BasePage - INFO : Element not found with LocatorType: id and with the locatorValue :skip_sign_in_button
28/05/22 11:12:19 AM Saturday - BasePage - INFO : Unable to click on Element with LocatorType: id and with the locatorValue :skip_sign_in_button
28/05/22 11:12:20 AM Saturday - BasePage - INFO : Element found with LocatorType: xpath with the locatorValue ://android.widget.ImageView[@content-desc="Select English"]
28/05/22 11:12:20 AM Saturday - BasePage - INFO : Clicked on Element with LocatorType: xpath and with the locatorValue ://android.widget.ImageView[@content-desc="Select English"]
28/05/22 11:12:25 AM Saturday - BasePage - INFO : Element found with LocatorType: id with the locatorValue :in.amazon.mShop.android.shopping:id/continue_button
28/05/22 11:12:25 AM Saturday - BasePage - INFO : Clicked on Element with LocatorType: id and with the locatorValue :in.amazon.mShop.android.shopping:id/continue_button
28/05/22 11:15:13 AM Saturday - BasePage - INFO : Element not found with LocatorType: id and with the locatorValue :skip_sign_in_button
28/05/22 11:15:14 AM Saturday - BasePage - INFO : Unable to click on Element with LocatorType: id and with the locatorValue :skip_sign_in_button
28/05/22 11:15:15 AM Saturday - BasePage - INFO : Element found with LocatorType: xpath with the locatorValue ://android.widget.ImageView[@content-desc="Select English"]
28/05/22 11:15:15 AM Saturday - BasePage - INFO : Clicked on Element with LocatorType: xpath and with the locatorValue ://android.widget.ImageView[@content-desc="Select English"]
28/05/22 11:15:20 AM Saturday - BasePage - INFO : Element found with LocatorType: id with the locatorValue :in.amazon.mShop.android.shopping:id/continue_button
28/05/22 11:15:20 AM Saturday - BasePage - INFO : Clicked on Element with LocatorType: id and with the locatorValue :in.amazon.mShop.android.shopping:id/continue_button
28/05/22 11:20:57 AM Saturday - BasePage - INFO : Element not found with LocatorType: id and with the locatorValue :in.amazon.mShop.android.shopping:id/skip_sign_in_button
28/05/22 11:20:57 AM Saturday - BasePage - INFO : Unable to click on Element with LocatorType: id and with the locatorValue :in.amazon.mShop.android.shopping:id/skip_sign_in_button
28/05/22 11:20:58 AM Saturday - BasePage - INFO : Element found with LocatorType: xpath with the locatorValue ://android.widget.ImageView[@content-desc="Select English"]
28/05/22 11:20:58 AM Saturday - BasePage - INFO : Clicked on Element with LocatorType: xpath and with the locatorValue ://android.widget.ImageView[@content-desc="Select English"]
28/05/22 11:21:03 AM Saturday - BasePage - INFO : Element found with LocatorType: id with the locatorValue :in.amazon.mShop.android.shopping:id/continue_button
28/05/22 11:21:04 AM Saturday - BasePage - INFO : Clicked on Element with LocatorType: id and with the locatorValue :in.amazon.mShop.android.shopping:id/continue_button
28/05/22 11:22:53 AM Saturday - BasePage - INFO : Element not found with LocatorType: id and with the locatorValue :in.amazon.mShop.android.shopping:id/skip_sign_in_button
28/05/22 11:22:54 AM Saturday - BasePage - INFO : Unable to click on Element with LocatorType: id and with the locatorValue :in.amazon.mShop.android.shopping:id/skip_sign_in_button
28/05/22 11:22:55 AM Saturday - BasePage - INFO : Element found with LocatorType: xpath with the locatorValue ://android.widget.ImageView[@content-desc="Select English"]
28/05/22 11:22:55 AM Saturday - BasePage - INFO : Clicked on Element with LocatorType: xpath and with the locatorValue ://android.widget.ImageView[@content-desc="Select English"]
28/05/22 11:23:00 AM Saturday - BasePage - INFO : Element found with LocatorType: id with the locatorValue :in.amazon.mShop.android.shopping:id/continue_button
28/05/22 11:23:00 AM Saturday - BasePage - INFO : Clicked on Element with LocatorType: id and with the locatorValue :in.amazon.mShop.android.shopping:id/continue_button
28/05/22 11:24:33 AM Saturday - BasePage - INFO : Element not found with LocatorType: id and with the locatorValue :in.amazon.mShop.android.shopping:id/skip_sign_in_button
28/05/22 11:24:33 AM Saturday - BasePage - INFO : Unable to click on Element with LocatorType: id and with the locatorValue :in.amazon.mShop.android.shopping:id/skip_sign_in_button
28/05/22 11:24:35 AM Saturday - BasePage - INFO : Element found with LocatorType: xpath with the locatorValue ://android.widget.ImageView[@content-desc="Select English"]
28/05/22 11:24:35 AM Saturday - BasePage - INFO : Clicked on Element with LocatorType: xpath and with the locatorValue ://android.widget.ImageView[@content-desc="Select English"]
28/05/22 11:24:40 AM Saturday - BasePage - INFO : Element found with LocatorType: id with the locatorValue :in.amazon.mShop.android.shopping:id/continue_button
28/05/22 11:24:40 AM Saturday - BasePage - INFO : Clicked on Element with LocatorType: id and with the locatorValue :in.amazon.mShop.android.shopping:id/continue_button
28/05/22 11:33:10 AM Saturday - BasePage - INFO : Element not found with LocatorType: id and with the locatorValue :in.amazon.mShop.android.shopping:id/skip_sign_in_button
28/05/22 11:33:11 AM Saturday - BasePage - INFO : Unable to click on Element with LocatorType: id and with the locatorValue :in.amazon.mShop.android.shopping:id/skip_sign_in_button
28/05/22 11:33:37 AM Saturday - BasePage - INFO : Element not found with LocatorType: id and with the locatorValue :in.amazon.mShop.android.shopping:id/skip_sign_in_button
28/05/22 11:33:37 AM Saturday - BasePage - INFO : Unable to click on Element with LocatorType: id and with the locatorValue :in.amazon.mShop.android.shopping:id/skip_sign_in_button
28/05/22 11:33:39 AM Saturday - BasePage - INFO : Element found with LocatorType: xpath with the locatorValue ://android.widget.ImageView[@content-desc="Select English"]
28/05/22 11:33:39 AM Saturday - BasePage - INFO : Clicked on Element with LocatorType: xpath and with the locatorValue ://android.widget.ImageView[@content-desc="Select English"]
28/05/22 11:33:44 AM Saturday - BasePage - INFO : Element found with LocatorType: id with the locatorValue :in.amazon.mShop.android.shopping:id/continue_button
28/05/22 11:33:44 AM Saturday - BasePage - INFO : Clicked on Element with LocatorType: id and with the locatorValue :in.amazon.mShop.android.shopping:id/continue_button
28/05/22 11:35:19 AM Saturday - BasePage - INFO : Element not found with LocatorType: id and with the locatorValue :in.amazon.mShop.android.shopping:id/skip_sign_in_button
28/05/22 11:35:20 AM Saturday - BasePage - INFO : Unable to click on Element with LocatorType: id and with the locatorValue :in.amazon.mShop.android.shopping:id/skip_sign_in_button
28/05/22 11:35:21 AM Saturday - BasePage - INFO : Element found with LocatorType: xpath with the locatorValue ://android.widget.ImageView[@content-desc="Select English"]
28/05/22 11:35:21 AM Saturday - BasePage - INFO : Clicked on Element with LocatorType: xpath and with the locatorValue ://android.widget.ImageView[@content-desc="Select English"]
28/05/22 11:35:26 AM Saturday - BasePage - INFO : Element found with LocatorType: id with the locatorValue :in.amazon.mShop.android.shopping:id/continue_button
28/05/22 11:35:26 AM Saturday - BasePage - INFO : Clicked on Element with LocatorType: id and with the locatorValue :in.amazon.mShop.android.shopping:id/continue_button
28/05/22 11:35:31 AM Saturday - BasePage - INFO : Element found with LocatorType: id with the locatorValue :in.amazon.mShop.android.shopping:id/skip_sign_in_button
28/05/22 11:35:31 AM Saturday - BasePage - INFO : Clicked on Element with LocatorType: id and with the locatorValue :in.amazon.mShop.android.shopping:id/skip_sign_in_button
28/05/22 11:35:36 AM Saturday - BasePage - INFO : Element found with LocatorType: text with the locatorValue :Search Amazon.in
28/05/22 11:35:44 AM Saturday - BasePage - INFO : Clicked on Element with LocatorType: text and with the locatorValue :Search Amazon.in
28/05/22 11:37:16 AM Saturday - BasePage - INFO : Element found with LocatorType: xpath with the locatorValue ://android.widget.ImageView[@content-desc="Select English"]
28/05/22 11:37:17 AM Saturday - BasePage - INFO : Clicked on Element with LocatorType: xpath and with the locatorValue ://android.widget.ImageView[@content-desc="Select English"]
28/05/22 11:37:22 AM Saturday - BasePage - INFO : Element found with LocatorType: id with the locatorValue :in.amazon.mShop.android.shopping:id/continue_button
28/05/22 11:37:22 AM Saturday - BasePage - INFO : Clicked on Element with LocatorType: id and with the locatorValue :in.amazon.mShop.android.shopping:id/continue_button
28/05/22 11:37:27 AM Saturday - BasePage - INFO : Element found with LocatorType: id with the locatorValue :in.amazon.mShop.android.shopping:id/skip_sign_in_button
28/05/22 11:37:27 AM Saturday - BasePage - INFO : Clicked on Element with LocatorType: id and with the locatorValue :in.amazon.mShop.android.shopping:id/skip_sign_in_button
28/05/22 11:37:32 AM Saturday - BasePage - INFO : Element found with LocatorType: text with the locatorValue :Search Amazon.in
28/05/22 11:37:42 AM Saturday - BasePage - INFO : Clicked on Element with LocatorType: text and with the locatorValue :Search Amazon.in
28/05/22 11:47:33 AM Saturday - BasePage - INFO : Element found with LocatorType: xpath with the locatorValue ://android.widget.ImageView[@content-desc="Select English"]
28/05/22 11:47:33 AM Saturday - BasePage - INFO : Clicked on Element with LocatorType: xpath and with the locatorValue ://android.widget.ImageView[@content-desc="Select English"]
28/05/22 11:47:39 AM Saturday - BasePage - INFO : Element found with LocatorType: id with the locatorValue :in.amazon.mShop.android.shopping:id/continue_button
28/05/22 11:47:39 AM Saturday - BasePage - INFO : Clicked on Element with LocatorType: id and with the locatorValue :in.amazon.mShop.android.shopping:id/continue_button
28/05/22 11:47:44 AM Saturday - BasePage - INFO : Element found with LocatorType: id with the locatorValue :in.amazon.mShop.android.shopping:id/skip_sign_in_button
28/05/22 11:47:44 AM Saturday - BasePage - INFO : Clicked on Element with LocatorType: id and with the locatorValue :in.amazon.mShop.android.shopping:id/skip_sign_in_button
28/05/22 11:47:49 AM Saturday - BasePage - INFO : Element found with LocatorType: text with the locatorValue :Search Amazon.in
28/05/22 11:47:57 AM Saturday - BasePage - INFO : Clicked on Element with LocatorType: text and with the locatorValue :Search Amazon.in
28/05/22 11:48:01 AM Saturday - BasePage - INFO : Element found with LocatorType: class with the locatorValue :android.widget.EditText
28/05/22 11:48:02 AM Saturday - BasePage - INFO : Send text  on Element with LocatorType: class and with the locatorValue :android.widget.EditText
28/05/22 11:48:05 AM Saturday - BasePage - INFO : Element found with LocatorType: text with the locatorValue :mi mobile
28/05/22 11:48:06 AM Saturday - BasePage - INFO : Clicked on Element with LocatorType: text and with the locatorValue :mi mobile
28/05/22 11:57:48 AM Saturday - BasePage - INFO : Element found with LocatorType: xpath with the locatorValue ://android.widget.ImageView[@content-desc="Select English"]
28/05/22 11:57:48 AM Saturday - BasePage - INFO : Clicked on Element with LocatorType: xpath and with the locatorValue ://android.widget.ImageView[@content-desc="Select English"]
28/05/22 11:57:53 AM Saturday - BasePage - INFO : Element found with LocatorType: id with the locatorValue :in.amazon.mShop.android.shopping:id/continue_button
28/05/22 11:57:54 AM Saturday - BasePage - INFO : Clicked on Element with LocatorType: id and with the locatorValue :in.amazon.mShop.android.shopping:id/continue_button
28/05/22 11:57:59 AM Saturday - BasePage - INFO : Element found with LocatorType: id with the locatorValue :in.amazon.mShop.android.shopping:id/skip_sign_in_button
28/05/22 11:57:59 AM Saturday - BasePage - INFO : Clicked on Element with LocatorType: id and with the locatorValue :in.amazon.mShop.android.shopping:id/skip_sign_in_button
28/05/22 11:58:04 AM Saturday - BasePage - INFO : Element found with LocatorType: text with the locatorValue :Search Amazon.in
28/05/22 11:58:14 AM Saturday - BasePage - INFO : Clicked on Element with LocatorType: text and with the locatorValue :Search Amazon.in
28/05/22 11:58:18 AM Saturday - BasePage - INFO : Element found with LocatorType: class with the locatorValue :android.widget.EditText
28/05/22 11:58:19 AM Saturday - BasePage - INFO : Send text  on Element with LocatorType: class and with the locatorValue :android.widget.EditText
28/05/22 11:58:22 AM Saturday - BasePage - INFO : Element found with LocatorType: text with the locatorValue :mi mobile
28/05/22 11:58:24 AM Saturday - BasePage - INFO : Clicked on Element with LocatorType: text and with the locatorValue :mi mobile
28/05/22 11:58:28 AM Saturday - BasePage - INFO : Element found with LocatorType: text with the locatorValue :Redmi 9A Sport (Carbon Black, 2GB RAM, 32GB Storage) | 2GHz Octa-core Helio G25 Processor | 5000 mAh Battery
28/05/22 11:58:31 AM Saturday - BasePage - INFO : Clicked on Element with LocatorType: text and with the locatorValue :Redmi 9A Sport (Carbon Black, 2GB RAM, 32GB Storage) | 2GHz Octa-core Helio G25 Processor | 5000 mAh Battery
28/05/22 12:06:25 PM Saturday - BasePage - INFO : Element found with LocatorType: xpath with the locatorValue ://android.widget.ImageView[@content-desc="Select English"]
28/05/22 12:06:26 PM Saturday - BasePage - INFO : Clicked on Element with LocatorType: xpath and with the locatorValue ://android.widget.ImageView[@content-desc="Select English"]
28/05/22 12:06:31 PM Saturday - BasePage - INFO : Element found with LocatorType: id with the locatorValue :in.amazon.mShop.android.shopping:id/continue_button
28/05/22 12:06:31 PM Saturday - BasePage - INFO : Clicked on Element with LocatorType: id and with the locatorValue :in.amazon.mShop.android.shopping:id/continue_button
28/05/22 12:06:36 PM Saturday - BasePage - INFO : Element found with LocatorType: id with the locatorValue :in.amazon.mShop.android.shopping:id/skip_sign_in_button
28/05/22 12:06:36 PM Saturday - BasePage - INFO : Clicked on Element with LocatorType: id and with the locatorValue :in.amazon.mShop.android.shopping:id/skip_sign_in_button
28/05/22 12:06:41 PM Saturday - BasePage - INFO : Element found with LocatorType: text with the locatorValue :Search Amazon.in
28/05/22 12:06:52 PM Saturday - BasePage - INFO : Clicked on Element with LocatorType: text and with the locatorValue :Search Amazon.in
28/05/22 12:06:56 PM Saturday - BasePage - INFO : Element found with LocatorType: class with the locatorValue :android.widget.EditText
28/05/22 12:06:57 PM Saturday - BasePage - INFO : Send text  on Element with LocatorType: class and with the locatorValue :android.widget.EditText
28/05/22 12:07:00 PM Saturday - BasePage - INFO : Element found with LocatorType: text with the locatorValue :mi mobile
28/05/22 12:07:02 PM Saturday - BasePage - INFO : Clicked on Element with LocatorType: text and with the locatorValue :mi mobile
28/05/22 12:07:07 PM Saturday - BasePage - INFO : Element found with LocatorType: text with the locatorValue :Redmi 9A Sport (Carbon Black, 2GB RAM, 32GB Storage) | 2GHz Octa-core Helio G25 Processor | 5000 mAh Battery
28/05/22 12:07:09 PM Saturday - BasePage - INFO : Clicked on Element with LocatorType: text and with the locatorValue :Redmi 9A Sport (Carbon Black, 2GB RAM, 32GB Storage) | 2GHz Octa-core Helio G25 Processor | 5000 mAh Battery
28/05/22 12:07:14 PM Saturday - BasePage - INFO : Element found with LocatorType: text with the locatorValue :Enter an Indian pincode
28/05/22 12:07:14 PM Saturday - BasePage - INFO : Clicked on Element with LocatorType: text and with the locatorValue :Enter an Indian pincode
28/05/22 12:07:16 PM Saturday - BasePage - INFO : Element found with LocatorType: text with the locatorValue :Apply
28/05/22 12:07:16 PM Saturday - BasePage - INFO : Clicked on Element with LocatorType: text and with the locatorValue :Apply
28/05/22 12:15:04 PM Saturday - BasePage - INFO : Element found with LocatorType: xpath with the locatorValue ://android.widget.ImageView[@content-desc="Select English"]
28/05/22 12:15:05 PM Saturday - BasePage - INFO : Clicked on Element with LocatorType: xpath and with the locatorValue ://android.widget.ImageView[@content-desc="Select English"]
28/05/22 12:15:10 PM Saturday - BasePage - INFO : Element found with LocatorType: id with the locatorValue :in.amazon.mShop.android.shopping:id/continue_button
28/05/22 12:15:10 PM Saturday - BasePage - INFO : Clicked on Element with LocatorType: id and with the locatorValue :in.amazon.mShop.android.shopping:id/continue_button
28/05/22 12:15:15 PM Saturday - BasePage - INFO : Element found with LocatorType: id with the locatorValue :in.amazon.mShop.android.shopping:id/skip_sign_in_button
28/05/22 12:15:15 PM Saturday - BasePage - INFO : Clicked on Element with LocatorType: id and with the locatorValue :in.amazon.mShop.android.shopping:id/skip_sign_in_button
28/05/22 12:15:20 PM Saturday - BasePage - INFO : Element found with LocatorType: text with the locatorValue :Search Amazon.in
28/05/22 12:15:28 PM Saturday - BasePage - INFO : Clicked on Element with LocatorType: text and with the locatorValue :Search Amazon.in
28/05/22 12:15:32 PM Saturday - BasePage - INFO : Element found with LocatorType: class with the locatorValue :android.widget.EditText
28/05/22 12:15:32 PM Saturday - BasePage - INFO : Send text  on Element with LocatorType: class and with the locatorValue :android.widget.EditText
28/05/22 12:15:36 PM Saturday - BasePage - INFO : Element found with LocatorType: text with the locatorValue :mi mobile
28/05/22 12:15:37 PM Saturday - BasePage - INFO : Clicked on Element with LocatorType: text and with the locatorValue :mi mobile
28/05/22 12:15:42 PM Saturday - BasePage - INFO : Element found with LocatorType: text with the locatorValue :Redmi 9A Sport (Carbon Black, 2GB RAM, 32GB Storage) | 2GHz Octa-core Helio G25 Processor | 5000 mAh Battery
28/05/22 12:15:43 PM Saturday - BasePage - INFO : Clicked on Element with LocatorType: text and with the locatorValue :Redmi 9A Sport (Carbon Black, 2GB RAM, 32GB Storage) | 2GHz Octa-core Helio G25 Processor | 5000 mAh Battery
28/05/22 12:15:47 PM Saturday - BasePage - INFO : Element found with LocatorType: text with the locatorValue :Enter an Indian pincode
28/05/22 12:15:47 PM Saturday - BasePage - INFO : Clicked on Element with LocatorType: text and with the locatorValue :Enter an Indian pincode
28/05/22 12:15:49 PM Saturday - BasePage - INFO : Element found with LocatorType: text with the locatorValue :Apply
28/05/22 12:15:49 PM Saturday - BasePage - INFO : Clicked on Element with LocatorType: text and with the locatorValue :Apply
28/05/22 12:25:47 PM Saturday - BasePage - INFO : Element found with LocatorType: xpath with the locatorValue ://android.widget.ImageView[@content-desc="Select English"]
28/05/22 12:25:48 PM Saturday - BasePage - INFO : Clicked on Element with LocatorType: xpath and with the locatorValue ://android.widget.ImageView[@content-desc="Select English"]
28/05/22 12:25:53 PM Saturday - BasePage - INFO : Element found with LocatorType: id with the locatorValue :in.amazon.mShop.android.shopping:id/continue_button
28/05/22 12:25:53 PM Saturday - BasePage - INFO : Clicked on Element with LocatorType: id and with the locatorValue :in.amazon.mShop.android.shopping:id/continue_button
28/05/22 12:25:58 PM Saturday - BasePage - INFO : Element found with LocatorType: id with the locatorValue :in.amazon.mShop.android.shopping:id/skip_sign_in_button
28/05/22 12:25:58 PM Saturday - BasePage - INFO : Clicked on Element with LocatorType: id and with the locatorValue :in.amazon.mShop.android.shopping:id/skip_sign_in_button
28/05/22 12:26:03 PM Saturday - BasePage - INFO : Element found with LocatorType: text with the locatorValue :Search Amazon.in
28/05/22 12:26:12 PM Saturday - BasePage - INFO : Clicked on Element with LocatorType: text and with the locatorValue :Search Amazon.in
28/05/22 12:26:16 PM Saturday - BasePage - INFO : Element found with LocatorType: class with the locatorValue :android.widget.EditText
28/05/22 12:26:17 PM Saturday - BasePage - INFO : Send text  on Element with LocatorType: class and with the locatorValue :android.widget.EditText
28/05/22 12:26:20 PM Saturday - BasePage - INFO : Element found with LocatorType: text with the locatorValue :mi mobile
28/05/22 12:26:22 PM Saturday - BasePage - INFO : Clicked on Element with LocatorType: text and with the locatorValue :mi mobile
28/05/22 12:26:26 PM Saturday - BasePage - INFO : Element found with LocatorType: text with the locatorValue :Redmi 9A Sport (Carbon Black, 2GB RAM, 32GB Storage) | 2GHz Octa-core Helio G25 Processor | 5000 mAh Battery
28/05/22 12:26:33 PM Saturday - BasePage - INFO : Clicked on Element with LocatorType: text and with the locatorValue :Redmi 9A Sport (Carbon Black, 2GB RAM, 32GB Storage) | 2GHz Octa-core Helio G25 Processor | 5000 mAh Battery
28/05/22 12:26:37 PM Saturday - BasePage - INFO : Element found with LocatorType: text with the locatorValue :Enter an Indian pincode
28/05/22 12:26:38 PM Saturday - BasePage - INFO : Clicked on Element with LocatorType: text and with the locatorValue :Enter an Indian pincode
28/05/22 12:26:40 PM Saturday - BasePage - INFO : Element found with LocatorType: text with the locatorValue :Apply
28/05/22 12:26:40 PM Saturday - BasePage - INFO : Clicked on Element with LocatorType: text and with the locatorValue :Apply
28/05/22 04:08:05 PM Saturday - BasePage - INFO : Element found with LocatorType: xpath with the locatorValue ://android.widget.ImageView[@content-desc="Select English"]
28/05/22 04:08:05 PM Saturday - BasePage - INFO : Clicked on Element with LocatorType: xpath and with the locatorValue ://android.widget.ImageView[@content-desc="Select English"]
28/05/22 04:08:10 PM Saturday - BasePage - INFO : Element found with LocatorType: id with the locatorValue :in.amazon.mShop.android.shopping:id/continue_button
28/05/22 04:08:10 PM Saturday - BasePage - INFO : Clicked on Element with LocatorType: id and with the locatorValue :in.amazon.mShop.android.shopping:id/continue_button
28/05/22 04:08:15 PM Saturday - BasePage - INFO : Element found with LocatorType: id with the locatorValue :in.amazon.mShop.android.shopping:id/skip_sign_in_button
28/05/22 04:08:15 PM Saturday - BasePage - INFO : Clicked on Element with LocatorType: id and with the locatorValue :in.amazon.mShop.android.shopping:id/skip_sign_in_button
28/05/22 04:08:20 PM Saturday - BasePage - INFO : Element found with LocatorType: text with the locatorValue :Search Amazon.in
28/05/22 04:08:29 PM Saturday - BasePage - INFO : Clicked on Element with LocatorType: text and with the locatorValue :Search Amazon.in
28/05/22 04:08:33 PM Saturday - BasePage - INFO : Element found with LocatorType: class with the locatorValue :android.widget.EditText
28/05/22 04:08:34 PM Saturday - BasePage - INFO : Send text  on Element with LocatorType: class and with the locatorValue :android.widget.EditText
28/05/22 04:08:37 PM Saturday - BasePage - INFO : Element found with LocatorType: text with the locatorValue :mi mobile
28/05/22 04:08:38 PM Saturday - BasePage - INFO : Clicked on Element with LocatorType: text and with the locatorValue :mi mobile
28/05/22 04:08:43 PM Saturday - BasePage - INFO : Element found with LocatorType: text with the locatorValue :Redmi 9A Sport (Carbon Black, 2GB RAM, 32GB Storage) | 2GHz Octa-core Helio G25 Processor | 5000 mAh Battery
28/05/22 04:08:43 PM Saturday - BasePage - INFO : Clicked on Element with LocatorType: text and with the locatorValue :Redmi 9A Sport (Carbon Black, 2GB RAM, 32GB Storage) | 2GHz Octa-core Helio G25 Processor | 5000 mAh Battery
28/05/22 04:08:47 PM Saturday - BasePage - INFO : Element found with LocatorType: text with the locatorValue :Enter an Indian pincode
28/05/22 04:08:48 PM Saturday - BasePage - INFO : Clicked on Element with LocatorType: text and with the locatorValue :Enter an Indian pincode
28/05/22 04:08:50 PM Saturday - BasePage - INFO : Element found with LocatorType: text with the locatorValue :Apply
28/05/22 04:08:50 PM Saturday - BasePage - INFO : Clicked on Element with LocatorType: text and with the locatorValue :Apply
28/05/22 04:09:22 PM Saturday - BasePage - INFO : Element found with LocatorType: text with the locatorValue :Add to Cart
28/05/22 04:09:22 PM Saturday - BasePage - INFO : Clicked on Element with LocatorType: text and with the locatorValue :Add to Cart
28/05/22 04:09:29 PM Saturday - BasePage - INFO : Element found with LocatorType: text with the locatorValue :Cart
28/05/22 04:09:29 PM Saturday - BasePage - INFO : Clicked on Element with LocatorType: text and with the locatorValue :Cart
28/05/22 04:09:55 PM Saturday - BasePage - INFO : Element not found with LocatorType: text and with the locatorValue :Proceed to Buy (1 item)
28/05/22 04:09:56 PM Saturday - BasePage - INFO : Unable to click on Element with LocatorType: text and with the locatorValue :Proceed to Buy (1 item)
28/05/22 04:17:39 PM Saturday - BasePage - INFO : Element found with LocatorType: xpath with the locatorValue ://android.widget.ImageView[@content-desc="Select English"]
28/05/22 04:17:40 PM Saturday - BasePage - INFO : Clicked on Element with LocatorType: xpath and with the locatorValue ://android.widget.ImageView[@content-desc="Select English"]
28/05/22 04:17:45 PM Saturday - BasePage - INFO : Element found with LocatorType: id with the locatorValue :in.amazon.mShop.android.shopping:id/continue_button
28/05/22 04:17:45 PM Saturday - BasePage - INFO : Clicked on Element with LocatorType: id and with the locatorValue :in.amazon.mShop.android.shopping:id/continue_button
28/05/22 04:17:50 PM Saturday - BasePage - INFO : Element found with LocatorType: id with the locatorValue :in.amazon.mShop.android.shopping:id/skip_sign_in_button
28/05/22 04:17:50 PM Saturday - BasePage - INFO : Clicked on Element with LocatorType: id and with the locatorValue :in.amazon.mShop.android.shopping:id/skip_sign_in_button
28/05/22 04:17:55 PM Saturday - BasePage - INFO : Element found with LocatorType: text with the locatorValue :Search Amazon.in
28/05/22 04:18:03 PM Saturday - BasePage - INFO : Clicked on Element with LocatorType: text and with the locatorValue :Search Amazon.in
28/05/22 04:18:08 PM Saturday - BasePage - INFO : Element found with LocatorType: class with the locatorValue :android.widget.EditText
28/05/22 04:18:08 PM Saturday - BasePage - INFO : Send text  on Element with LocatorType: class and with the locatorValue :android.widget.EditText
28/05/22 04:18:12 PM Saturday - BasePage - INFO : Element found with LocatorType: text with the locatorValue :mi mobile
28/05/22 04:18:13 PM Saturday - BasePage - INFO : Clicked on Element with LocatorType: text and with the locatorValue :mi mobile
28/05/22 04:18:17 PM Saturday - BasePage - INFO : Element found with LocatorType: text with the locatorValue :Redmi 9A Sport (Carbon Black, 2GB RAM, 32GB Storage) | 2GHz Octa-core Helio G25 Processor | 5000 mAh Battery
28/05/22 04:18:19 PM Saturday - BasePage - INFO : Clicked on Element with LocatorType: text and with the locatorValue :Redmi 9A Sport (Carbon Black, 2GB RAM, 32GB Storage) | 2GHz Octa-core Helio G25 Processor | 5000 mAh Battery
28/05/22 04:18:48 PM Saturday - BasePage - INFO : Element not found with LocatorType: text and with the locatorValue :Enter an Indian pincode
28/05/22 04:18:49 PM Saturday - BasePage - INFO : Unable to click on Element with LocatorType: text and with the locatorValue :Enter an Indian pincode
28/05/22 04:19:16 PM Saturday - BasePage - INFO : Element not found with LocatorType: text and with the locatorValue :Add to Cart
28/05/22 04:19:17 PM Saturday - BasePage - INFO : Unable to click on Element with LocatorType: text and with the locatorValue :Add to Cart
28/05/22 04:21:13 PM Saturday - BasePage - INFO : Element found with LocatorType: xpath with the locatorValue ://android.widget.ImageView[@content-desc="Select English"]
28/05/22 04:21:13 PM Saturday - BasePage - INFO : Clicked on Element with LocatorType: xpath and with the locatorValue ://android.widget.ImageView[@content-desc="Select English"]
28/05/22 04:21:18 PM Saturday - BasePage - INFO : Element found with LocatorType: id with the locatorValue :in.amazon.mShop.android.shopping:id/continue_button
28/05/22 04:21:18 PM Saturday - BasePage - INFO : Clicked on Element with LocatorType: id and with the locatorValue :in.amazon.mShop.android.shopping:id/continue_button
28/05/22 04:21:23 PM Saturday - BasePage - INFO : Element found with LocatorType: id with the locatorValue :in.amazon.mShop.android.shopping:id/skip_sign_in_button
28/05/22 04:21:23 PM Saturday - BasePage - INFO : Clicked on Element with LocatorType: id and with the locatorValue :in.amazon.mShop.android.shopping:id/skip_sign_in_button
28/05/22 04:21:28 PM Saturday - BasePage - INFO : Element found with LocatorType: text with the locatorValue :Search Amazon.in
28/05/22 04:21:37 PM Saturday - BasePage - INFO : Clicked on Element with LocatorType: text and with the locatorValue :Search Amazon.in
28/05/22 04:21:41 PM Saturday - BasePage - INFO : Element found with LocatorType: class with the locatorValue :android.widget.EditText
28/05/22 04:21:42 PM Saturday - BasePage - INFO : Send text  on Element with LocatorType: class and with the locatorValue :android.widget.EditText
28/05/22 04:21:45 PM Saturday - BasePage - INFO : Element found with LocatorType: text with the locatorValue :mi mobile
28/05/22 04:21:46 PM Saturday - BasePage - INFO : Clicked on Element with LocatorType: text and with the locatorValue :mi mobile
28/05/22 04:21:51 PM Saturday - BasePage - INFO : Element found with LocatorType: text with the locatorValue :Redmi 9A Sport (Carbon Black, 2GB RAM, 32GB Storage) | 2GHz Octa-core Helio G25 Processor | 5000 mAh Battery
28/05/22 04:21:55 PM Saturday - BasePage - INFO : Clicked on Element with LocatorType: text and with the locatorValue :Redmi 9A Sport (Carbon Black, 2GB RAM, 32GB Storage) | 2GHz Octa-core Helio G25 Processor | 5000 mAh Battery
28/05/22 04:21:59 PM Saturday - BasePage - INFO : Element found with LocatorType: text with the locatorValue :Enter an Indian pincode
28/05/22 04:21:59 PM Saturday - BasePage - INFO : Clicked on Element with LocatorType: text and with the locatorValue :Enter an Indian pincode
28/05/22 04:22:01 PM Saturday - BasePage - INFO : Element found with LocatorType: text with the locatorValue :Apply
28/05/22 04:22:01 PM Saturday - BasePage - INFO : Clicked on Element with LocatorType: text and with the locatorValue :Apply
28/05/22 04:22:32 PM Saturday - BasePage - INFO : Element found with LocatorType: text with the locatorValue :Add to Cart
28/05/22 04:22:32 PM Saturday - BasePage - INFO : Clicked on Element with LocatorType: text and with the locatorValue :Add to Cart
28/05/22 04:22:39 PM Saturday - BasePage - INFO : Element found with LocatorType: text with the locatorValue :Cart
28/05/22 04:22:39 PM Saturday - BasePage - INFO : Clicked on Element with LocatorType: text and with the locatorValue :Cart
28/05/22 04:23:05 PM Saturday - BasePage - INFO : Element not found with LocatorType: id and with the locatorValue :a-autoid-0
28/05/22 04:23:07 PM Saturday - BasePage - INFO : Unable to click on Element with LocatorType: id and with the locatorValue :a-autoid-0
28/05/22 04:36:58 PM Saturday - BasePage - INFO : Element found with LocatorType: xpath with the locatorValue ://android.widget.ImageView[@content-desc="Select English"]
28/05/22 04:36:58 PM Saturday - BasePage - INFO : Clicked on Element with LocatorType: xpath and with the locatorValue ://android.widget.ImageView[@content-desc="Select English"]
28/05/22 04:37:03 PM Saturday - BasePage - INFO : Element found with LocatorType: id with the locatorValue :in.amazon.mShop.android.shopping:id/continue_button
28/05/22 04:37:03 PM Saturday - BasePage - INFO : Clicked on Element with LocatorType: id and with the locatorValue :in.amazon.mShop.android.shopping:id/continue_button
28/05/22 04:37:08 PM Saturday - BasePage - INFO : Element found with LocatorType: id with the locatorValue :in.amazon.mShop.android.shopping:id/skip_sign_in_button
28/05/22 04:37:08 PM Saturday - BasePage - INFO : Clicked on Element with LocatorType: id and with the locatorValue :in.amazon.mShop.android.shopping:id/skip_sign_in_button
28/05/22 04:37:13 PM Saturday - BasePage - INFO : Element found with LocatorType: text with the locatorValue :Search Amazon.in
28/05/22 04:37:23 PM Saturday - BasePage - INFO : Clicked on Element with LocatorType: text and with the locatorValue :Search Amazon.in
28/05/22 04:37:27 PM Saturday - BasePage - INFO : Element found with LocatorType: class with the locatorValue :android.widget.EditText
28/05/22 04:37:29 PM Saturday - BasePage - INFO : Send text  on Element with LocatorType: class and with the locatorValue :android.widget.EditText
28/05/22 04:37:32 PM Saturday - BasePage - INFO : Element found with LocatorType: text with the locatorValue :mi mobile
28/05/22 04:37:33 PM Saturday - BasePage - INFO : Clicked on Element with LocatorType: text and with the locatorValue :mi mobile
28/05/22 04:37:37 PM Saturday - BasePage - INFO : Element found with LocatorType: text with the locatorValue :Redmi 9A Sport (Carbon Black, 2GB RAM, 32GB Storage) | 2GHz Octa-core Helio G25 Processor | 5000 mAh Battery
28/05/22 04:37:40 PM Saturday - BasePage - INFO : Clicked on Element with LocatorType: text and with the locatorValue :Redmi 9A Sport (Carbon Black, 2GB RAM, 32GB Storage) | 2GHz Octa-core Helio G25 Processor | 5000 mAh Battery
28/05/22 04:38:10 PM Saturday - BasePage - INFO : Element not found with LocatorType: text and with the locatorValue :Enter an Indian pincode
28/05/22 04:38:11 PM Saturday - BasePage - INFO : Unable to click on Element with LocatorType: text and with the locatorValue :Enter an Indian pincode
28/05/22 04:38:37 PM Saturday - BasePage - INFO : Element not found with LocatorType: text and with the locatorValue :Add to Cart
28/05/22 04:38:38 PM Saturday - BasePage - INFO : Unable to click on Element with LocatorType: text and with the locatorValue :Add to Cart
28/05/22 04:39:32 PM Saturday - BasePage - INFO : Element found with LocatorType: xpath with the locatorValue ://android.widget.ImageView[@content-desc="Select English"]
28/05/22 04:39:32 PM Saturday - BasePage - INFO : Clicked on Element with LocatorType: xpath and with the locatorValue ://android.widget.ImageView[@content-desc="Select English"]
28/05/22 04:39:37 PM Saturday - BasePage - INFO : Element found with LocatorType: id with the locatorValue :in.amazon.mShop.android.shopping:id/continue_button
28/05/22 04:39:37 PM Saturday - BasePage - INFO : Clicked on Element with LocatorType: id and with the locatorValue :in.amazon.mShop.android.shopping:id/continue_button
28/05/22 04:39:43 PM Saturday - BasePage - INFO : Element found with LocatorType: id with the locatorValue :in.amazon.mShop.android.shopping:id/skip_sign_in_button
28/05/22 04:39:43 PM Saturday - BasePage - INFO : Clicked on Element with LocatorType: id and with the locatorValue :in.amazon.mShop.android.shopping:id/skip_sign_in_button
28/05/22 04:39:48 PM Saturday - BasePage - INFO : Element found with LocatorType: text with the locatorValue :Search Amazon.in
28/05/22 04:39:57 PM Saturday - BasePage - INFO : Clicked on Element with LocatorType: text and with the locatorValue :Search Amazon.in
28/05/22 04:40:02 PM Saturday - BasePage - INFO : Element found with LocatorType: class with the locatorValue :android.widget.EditText
28/05/22 04:40:02 PM Saturday - BasePage - INFO : Send text  on Element with LocatorType: class and with the locatorValue :android.widget.EditText
28/05/22 04:40:06 PM Saturday - BasePage - INFO : Element found with LocatorType: text with the locatorValue :mi mobile
28/05/22 04:40:07 PM Saturday - BasePage - INFO : Clicked on Element with LocatorType: text and with the locatorValue :mi mobile
28/05/22 04:40:11 PM Saturday - BasePage - INFO : Element found with LocatorType: text with the locatorValue :Redmi 9A Sport (Carbon Black, 2GB RAM, 32GB Storage) | 2GHz Octa-core Helio G25 Processor | 5000 mAh Battery
28/05/22 04:40:12 PM Saturday - BasePage - INFO : Clicked on Element with LocatorType: text and with the locatorValue :Redmi 9A Sport (Carbon Black, 2GB RAM, 32GB Storage) | 2GHz Octa-core Helio G25 Processor | 5000 mAh Battery
28/05/22 04:40:16 PM Saturday - BasePage - INFO : Element found with LocatorType: text with the locatorValue :Enter an Indian pincode
28/05/22 04:40:17 PM Saturday - BasePage - INFO : Clicked on Element with LocatorType: text and with the locatorValue :Enter an Indian pincode
28/05/22 04:40:19 PM Saturday - BasePage - INFO : Element found with LocatorType: text with the locatorValue :Apply
28/05/22 04:40:19 PM Saturday - BasePage - INFO : Clicked on Element with LocatorType: text and with the locatorValue :Apply
28/05/22 04:40:51 PM Saturday - BasePage - INFO : Element found with LocatorType: text with the locatorValue :Add to Cart
28/05/22 04:40:52 PM Saturday - BasePage - INFO : Clicked on Element with LocatorType: text and with the locatorValue :Add to Cart
28/05/22 04:40:59 PM Saturday - BasePage - INFO : Element found with LocatorType: text with the locatorValue :Cart
28/05/22 04:40:59 PM Saturday - BasePage - INFO : Clicked on Element with LocatorType: text and with the locatorValue :Cart
28/05/22 04:41:44 PM Saturday - BasePage - INFO : Element not found with LocatorType: id and with the locatorValue :a-autoid-0
28/05/22 04:41:44 PM Saturday - BasePage - INFO : Unable to click on Element with LocatorType: id and with the locatorValue :a-autoid-0
28/05/22 04:45:22 PM Saturday - BasePage - INFO : Element found with LocatorType: xpath with the locatorValue ://android.widget.ImageView[@content-desc="Select English"]
28/05/22 04:45:22 PM Saturday - BasePage - INFO : Clicked on Element with LocatorType: xpath and with the locatorValue ://android.widget.ImageView[@content-desc="Select English"]
28/05/22 04:45:27 PM Saturday - BasePage - INFO : Element found with LocatorType: id with the locatorValue :in.amazon.mShop.android.shopping:id/continue_button
28/05/22 04:45:27 PM Saturday - BasePage - INFO : Clicked on Element with LocatorType: id and with the locatorValue :in.amazon.mShop.android.shopping:id/continue_button
28/05/22 04:45:33 PM Saturday - BasePage - INFO : Element found with LocatorType: id with the locatorValue :in.amazon.mShop.android.shopping:id/skip_sign_in_button
28/05/22 04:45:33 PM Saturday - BasePage - INFO : Clicked on Element with LocatorType: id and with the locatorValue :in.amazon.mShop.android.shopping:id/skip_sign_in_button
28/05/22 04:45:38 PM Saturday - BasePage - INFO : Element found with LocatorType: text with the locatorValue :Search Amazon.in
28/05/22 04:45:39 PM Saturday - BasePage - INFO : Clicked on Element with LocatorType: text and with the locatorValue :Search Amazon.in
28/05/22 04:45:43 PM Saturday - BasePage - INFO : Element found with LocatorType: class with the locatorValue :android.widget.EditText
28/05/22 04:45:43 PM Saturday - BasePage - INFO : Send text  on Element with LocatorType: class and with the locatorValue :android.widget.EditText
28/05/22 04:45:47 PM Saturday - BasePage - INFO : Element found with LocatorType: text with the locatorValue :mi mobile
28/05/22 04:45:48 PM Saturday - BasePage - INFO : Clicked on Element with LocatorType: text and with the locatorValue :mi mobile
28/05/22 04:45:57 PM Saturday - BasePage - INFO : Element found with LocatorType: text with the locatorValue :Redmi 9A Sport (Carbon Black, 2GB RAM, 32GB Storage) | 2GHz Octa-core Helio G25 Processor | 5000 mAh Battery
28/05/22 04:46:00 PM Saturday - BasePage - INFO : Clicked on Element with LocatorType: text and with the locatorValue :Redmi 9A Sport (Carbon Black, 2GB RAM, 32GB Storage) | 2GHz Octa-core Helio G25 Processor | 5000 mAh Battery
28/05/22 04:46:33 PM Saturday - BasePage - INFO : Element not found with LocatorType: text and with the locatorValue :Enter an Indian pincode
28/05/22 04:46:36 PM Saturday - BasePage - INFO : Unable to click on Element with LocatorType: text and with the locatorValue :Enter an Indian pincode
28/05/22 04:47:04 PM Saturday - BasePage - INFO : Element not found with LocatorType: text and with the locatorValue :Add to Cart
28/05/22 04:47:06 PM Saturday - BasePage - INFO : Unable to click on Element with LocatorType: text and with the locatorValue :Add to Cart
28/05/22 04:53:21 PM Saturday - BasePage - INFO : Element found with LocatorType: xpath with the locatorValue ://android.widget.ImageView[@content-desc="Select English"]
28/05/22 04:53:21 PM Saturday - BasePage - INFO : Clicked on Element with LocatorType: xpath and with the locatorValue ://android.widget.ImageView[@content-desc="Select English"]
28/05/22 04:53:26 PM Saturday - BasePage - INFO : Element found with LocatorType: id with the locatorValue :in.amazon.mShop.android.shopping:id/continue_button
28/05/22 04:53:26 PM Saturday - BasePage - INFO : Clicked on Element with LocatorType: id and with the locatorValue :in.amazon.mShop.android.shopping:id/continue_button
28/05/22 04:53:31 PM Saturday - BasePage - INFO : Element found with LocatorType: id with the locatorValue :in.amazon.mShop.android.shopping:id/skip_sign_in_button
28/05/22 04:53:31 PM Saturday - BasePage - INFO : Clicked on Element with LocatorType: id and with the locatorValue :in.amazon.mShop.android.shopping:id/skip_sign_in_button
28/05/22 04:53:36 PM Saturday - BasePage - INFO : Element found with LocatorType: text with the locatorValue :Search Amazon.in
28/05/22 04:53:39 PM Saturday - BasePage - INFO : Clicked on Element with LocatorType: text and with the locatorValue :Search Amazon.in
28/05/22 04:53:43 PM Saturday - BasePage - INFO : Element found with LocatorType: class with the locatorValue :android.widget.EditText
28/05/22 04:53:44 PM Saturday - BasePage - INFO : Send text  on Element with LocatorType: class and with the locatorValue :android.widget.EditText
28/05/22 04:53:47 PM Saturday - BasePage - INFO : Element found with LocatorType: text with the locatorValue :mi mobile
28/05/22 04:53:48 PM Saturday - BasePage - INFO : Clicked on Element with LocatorType: text and with the locatorValue :mi mobile
28/05/22 04:53:53 PM Saturday - BasePage - INFO : Element found with LocatorType: text with the locatorValue :Redmi 9A Sport (Carbon Black, 2GB RAM, 32GB Storage) | 2GHz Octa-core Helio G25 Processor | 5000 mAh Battery
28/05/22 04:53:55 PM Saturday - BasePage - INFO : Clicked on Element with LocatorType: text and with the locatorValue :Redmi 9A Sport (Carbon Black, 2GB RAM, 32GB Storage) | 2GHz Octa-core Helio G25 Processor | 5000 mAh Battery
28/05/22 04:53:59 PM Saturday - BasePage - INFO : Element found with LocatorType: text with the locatorValue :Enter an Indian pincode
28/05/22 04:53:59 PM Saturday - BasePage - INFO : Clicked on Element with LocatorType: text and with the locatorValue :Enter an Indian pincode
28/05/22 04:54:02 PM Saturday - BasePage - INFO : Element found with LocatorType: text with the locatorValue :Apply
28/05/22 04:54:02 PM Saturday - BasePage - INFO : Clicked on Element with LocatorType: text and with the locatorValue :Apply
28/05/22 04:54:35 PM Saturday - BasePage - INFO : Element found with LocatorType: text with the locatorValue :Add to Cart
28/05/22 04:54:36 PM Saturday - BasePage - INFO : Clicked on Element with LocatorType: text and with the locatorValue :Add to Cart
28/05/22 04:54:43 PM Saturday - BasePage - INFO : Element found with LocatorType: text with the locatorValue :Cart
28/05/22 04:54:43 PM Saturday - BasePage - INFO : Clicked on Element with LocatorType: text and with the locatorValue :Cart
28/05/22 04:55:03 PM Saturday - BasePage - INFO : Element found with LocatorType: text with the locatorValue :Proceed to Buy (1 item)
28/05/22 04:55:06 PM Saturday - BasePage - INFO : Clicked on Element with LocatorType: text and with the locatorValue :Proceed to Buy (1 item)
28/05/22 05:07:26 PM Saturday - BasePage - INFO : Element found with LocatorType: xpath with the locatorValue ://android.widget.ImageView[@content-desc="Select English"]
28/05/22 05:07:27 PM Saturday - BasePage - INFO : Clicked on Element with LocatorType: xpath and with the locatorValue ://android.widget.ImageView[@content-desc="Select English"]
28/05/22 05:07:32 PM Saturday - BasePage - INFO : Element found with LocatorType: id with the locatorValue :in.amazon.mShop.android.shopping:id/continue_button
28/05/22 05:07:32 PM Saturday - BasePage - INFO : Clicked on Element with LocatorType: id and with the locatorValue :in.amazon.mShop.android.shopping:id/continue_button
28/05/22 05:07:37 PM Saturday - BasePage - INFO : Element found with LocatorType: id with the locatorValue :in.amazon.mShop.android.shopping:id/skip_sign_in_button
28/05/22 05:07:37 PM Saturday - BasePage - INFO : Clicked on Element with LocatorType: id and with the locatorValue :in.amazon.mShop.android.shopping:id/skip_sign_in_button
28/05/22 05:07:42 PM Saturday - BasePage - INFO : Element found with LocatorType: text with the locatorValue :Search Amazon.in
28/05/22 05:07:52 PM Saturday - BasePage - INFO : Clicked on Element with LocatorType: text and with the locatorValue :Search Amazon.in
28/05/22 05:07:56 PM Saturday - BasePage - INFO : Element found with LocatorType: class with the locatorValue :android.widget.EditText
28/05/22 05:07:57 PM Saturday - BasePage - INFO : Send text  on Element with LocatorType: class and with the locatorValue :android.widget.EditText
28/05/22 05:08:00 PM Saturday - BasePage - INFO : Element found with LocatorType: text with the locatorValue :mi mobile
28/05/22 05:08:01 PM Saturday - BasePage - INFO : Clicked on Element with LocatorType: text and with the locatorValue :mi mobile
28/05/22 05:08:06 PM Saturday - BasePage - INFO : Element found with LocatorType: text with the locatorValue :Redmi 9A Sport (Carbon Black, 2GB RAM, 32GB Storage) | 2GHz Octa-core Helio G25 Processor | 5000 mAh Battery
28/05/22 05:08:09 PM Saturday - BasePage - INFO : Clicked on Element with LocatorType: text and with the locatorValue :Redmi 9A Sport (Carbon Black, 2GB RAM, 32GB Storage) | 2GHz Octa-core Helio G25 Processor | 5000 mAh Battery
28/05/22 05:08:13 PM Saturday - BasePage - INFO : Element found with LocatorType: text with the locatorValue :Enter an Indian pincode
28/05/22 05:08:14 PM Saturday - BasePage - INFO : Clicked on Element with LocatorType: text and with the locatorValue :Enter an Indian pincode
28/05/22 05:08:16 PM Saturday - BasePage - INFO : Element found with LocatorType: text with the locatorValue :Apply
28/05/22 05:08:16 PM Saturday - BasePage - INFO : Clicked on Element with LocatorType: text and with the locatorValue :Apply
28/05/22 05:08:49 PM Saturday - BasePage - INFO : Element found with LocatorType: text with the locatorValue :Add to Cart
28/05/22 05:08:49 PM Saturday - BasePage - INFO : Clicked on Element with LocatorType: text and with the locatorValue :Add to Cart
28/05/22 05:08:55 PM Saturday - BasePage - INFO : Element found with LocatorType: text with the locatorValue :Cart
28/05/22 05:08:55 PM Saturday - BasePage - INFO : Clicked on Element with LocatorType: text and with the locatorValue :Cart
28/05/22 05:09:16 PM Saturday - BasePage - INFO : Element found with LocatorType: text with the locatorValue :Proceed to Buy (1 item)
28/05/22 05:09:16 PM Saturday - BasePage - INFO : Clicked on Element with LocatorType: text and with the locatorValue :Proceed to Buy (1 item)
